<?xml version="1.0" encoding="UTF-8"?>
<testsuite name="com.thoughtworks.ddd_bootcamp.domain.CartTest" tests="1" skipped="0" failures="0" errors="0" timestamp="2021-06-19T09:57:57" hostname="Keerthanas-MacBook-Pro.local" time="0.033">
  <properties/>
  <testcase name="shouldAddIpadToTheCart()" classname="com.thoughtworks.ddd_bootcamp.domain.CartTest" time="0.033"/>
  <system-out><![CDATA[90.1
]]></system-out>
  <system-err><![CDATA[]]></system-err>
</testsuite>
